This is pdfTeX, Version 3.1415926-2.5-1.40.14 (MiKTeX 2.9 64-bit) (preloaded format=pdflatex 2015.4.15)  3 MAY 2017 10:17
entering extended mode
**DrapelaThesis.tex
(C:\Users\kubin\Desktop\GitFolder\doc_thesis\DrapelaThesis.tex
LaTeX2e <2011/06/27>
Babel <v3.8m> and hyphenation patterns for english, afrikaans, ancientgreek, ar
abic, armenian, assamese, basque, bengali, bokmal, bulgarian, catalan, coptic, 
croatian, czech, danish, dutch, esperanto, estonian, farsi, finnish, french, ga
lician, german, german-x-2013-05-26, greek, gujarati, hindi, hungarian, iceland
ic, indonesian, interlingua, irish, italian, kannada, kurmanji, latin, latvian,
 lithuanian, malayalam, marathi, mongolian, mongolianlmc, monogreek, ngerman, n
german-x-2013-05-26, nynorsk, oriya, panjabi, pinyin, polish, portuguese, roman
ian, russian, sanskrit, serbian, slovak, slovenian, spanish, swedish, swissgerm
an, tamil, telugu, turkish, turkmen, ukenglish, ukrainian, uppersorbian, usengl
ishmax, welsh, loaded.
(D:\Programs\MiKTeX\tex\latex\base\report.cls
Document Class: report 2007/10/19 v1.4h Standard LaTeX document class
(D:\Programs\MiKTeX\tex\latex\base\size11.clo
File: size11.clo 2007/10/19 v1.4h Standard LaTeX file (size option)
)
\c@part=\count79
\c@chapter=\count80
\c@section=\count81
\c@subsection=\count82
\c@subsubsection=\count83
\c@paragraph=\count84
\c@subparagraph=\count85
\c@figure=\count86
\c@table=\count87
\abovecaptionskip=\skip41
\belowcaptionskip=\skip42
\bibindent=\dimen102
)
(D:\Programs\MiKTeX\tex\latex\geometry\geometry.sty
Package: geometry 2010/09/12 v5.6 Page Geometry

(D:\Programs\MiKTeX\tex\latex\graphics\keyval.sty
Package: keyval 1999/03/16 v1.13 key=value parser (DPC)
\KV@toks@=\toks14
)
(D:\Programs\MiKTeX\tex\generic\oberdiek\ifpdf.sty
Package: ifpdf 2011/01/30 v2.3 Provides the ifpdf switch (HO)
Package ifpdf Info: pdfTeX in PDF mode is detected.
)
(D:\Programs\MiKTeX\tex\generic\oberdiek\ifvtex.sty
Package: ifvtex 2010/03/01 v1.5 Detect VTeX and its facilities (HO)
Package ifvtex Info: VTeX not detected.
)
(D:\Programs\MiKTeX\tex\generic\ifxetex\ifxetex.sty
Package: ifxetex 2010/09/12 v0.6 Provides ifxetex conditional
)
\Gm@cnth=\count88
\Gm@cntv=\count89
\c@Gm@tempcnt=\count90
\Gm@bindingoffset=\dimen103
\Gm@wd@mp=\dimen104
\Gm@odd@mp=\dimen105
\Gm@even@mp=\dimen106
\Gm@layoutwidth=\dimen107
\Gm@layoutheight=\dimen108
\Gm@layouthoffset=\dimen109
\Gm@layoutvoffset=\dimen110
\Gm@dimlist=\toks15

(D:\Programs\MiKTeX\tex\latex\geometry\geometry.cfg))
(D:\Programs\MiKTeX\tex\latex\base\inputenc.sty
Package: inputenc 2008/03/30 v1.1d Input encoding file
\inpenc@prehook=\toks16
\inpenc@posthook=\toks17

(D:\Programs\MiKTeX\tex\latex\base\utf8.def
File: utf8.def 2008/04/05 v1.1m UTF-8 support for inputenc
Now handling font encoding OML ...
... no UTF-8 mapping file for font encoding OML
Now handling font encoding T1 ...
... processing UTF-8 mapping file for font encoding T1

(D:\Programs\MiKTeX\tex\latex\base\t1enc.dfu
File: t1enc.dfu 2008/04/05 v1.1m UTF-8 support for inputenc
   defining Unicode char U+00A1 (decimal 161)
   defining Unicode char U+00A3 (decimal 163)
   defining Unicode char U+00AB (decimal 171)
   defining Unicode char U+00BB (decimal 187)
   defining Unicode char U+00BF (decimal 191)
   defining Unicode char U+00C0 (decimal 192)
   defining Unicode char U+00C1 (decimal 193)
   defining Unicode char U+00C2 (decimal 194)
   defining Unicode char U+00C3 (decimal 195)
   defining Unicode char U+00C4 (decimal 196)
   defining Unicode char U+00C5 (decimal 197)
   defining Unicode char U+00C6 (decimal 198)
   defining Unicode char U+00C7 (decimal 199)
   defining Unicode char U+00C8 (decimal 200)
   defining Unicode char U+00C9 (decimal 201)
   defining Unicode char U+00CA (decimal 202)
   defining Unicode char U+00CB (decimal 203)
   defining Unicode char U+00CC (decimal 204)
   defining Unicode char U+00CD (decimal 205)
   defining Unicode char U+00CE (decimal 206)
   defining Unicode char U+00CF (decimal 207)
   defining Unicode char U+00D0 (decimal 208)
   defining Unicode char U+00D1 (decimal 209)
   defining Unicode char U+00D2 (decimal 210)
   defining Unicode char U+00D3 (decimal 211)
   defining Unicode char U+00D4 (decimal 212)
   defining Unicode char U+00D5 (decimal 213)
   defining Unicode char U+00D6 (decimal 214)
   defining Unicode char U+00D8 (decimal 216)
   defining Unicode char U+00D9 (decimal 217)
   defining Unicode char U+00DA (decimal 218)
   defining Unicode char U+00DB (decimal 219)
   defining Unicode char U+00DC (decimal 220)
   defining Unicode char U+00DD (decimal 221)
   defining Unicode char U+00DE (decimal 222)
   defining Unicode char U+00DF (decimal 223)
   defining Unicode char U+00E0 (decimal 224)
   defining Unicode char U+00E1 (decimal 225)
   defining Unicode char U+00E2 (decimal 226)
   defining Unicode char U+00E3 (decimal 227)
   defining Unicode char U+00E4 (decimal 228)
   defining Unicode char U+00E5 (decimal 229)
   defining Unicode char U+00E6 (decimal 230)
   defining Unicode char U+00E7 (decimal 231)
   defining Unicode char U+00E8 (decimal 232)
   defining Unicode char U+00E9 (decimal 233)
   defining Unicode char U+00EA (decimal 234)
   defining Unicode char U+00EB (decimal 235)
   defining Unicode char U+00EC (decimal 236)
   defining Unicode char U+00ED (decimal 237)
   defining Unicode char U+00EE (decimal 238)
   defining Unicode char U+00EF (decimal 239)
   defining Unicode char U+00F0 (decimal 240)
   defining Unicode char U+00F1 (decimal 241)
   defining Unicode char U+00F2 (decimal 242)
   defining Unicode char U+00F3 (decimal 243)
   defining Unicode char U+00F4 (decimal 244)
   defining Unicode char U+00F5 (decimal 245)
   defining Unicode char U+00F6 (decimal 246)
   defining Unicode char U+00F8 (decimal 248)
   defining Unicode char U+00F9 (decimal 249)
   defining Unicode char U+00FA (decimal 250)
   defining Unicode char U+00FB (decimal 251)
   defining Unicode char U+00FC (decimal 252)
   defining Unicode char U+00FD (decimal 253)
   defining Unicode char U+00FE (decimal 254)
   defining Unicode char U+00FF (decimal 255)
   defining Unicode char U+0102 (decimal 258)
   defining Unicode char U+0103 (decimal 259)
   defining Unicode char U+0104 (decimal 260)
   defining Unicode char U+0105 (decimal 261)
   defining Unicode char U+0106 (decimal 262)
   defining Unicode char U+0107 (decimal 263)
   defining Unicode char U+010C (decimal 268)
   defining Unicode char U+010D (decimal 269)
   defining Unicode char U+010E (decimal 270)
   defining Unicode char U+010F (decimal 271)
   defining Unicode char U+0110 (decimal 272)
   defining Unicode char U+0111 (decimal 273)
   defining Unicode char U+0118 (decimal 280)
   defining Unicode char U+0119 (decimal 281)
   defining Unicode char U+011A (decimal 282)
   defining Unicode char U+011B (decimal 283)
   defining Unicode char U+011E (decimal 286)
   defining Unicode char U+011F (decimal 287)
   defining Unicode char U+0130 (decimal 304)
   defining Unicode char U+0131 (decimal 305)
   defining Unicode char U+0132 (decimal 306)
   defining Unicode char U+0133 (decimal 307)
   defining Unicode char U+0139 (decimal 313)
   defining Unicode char U+013A (decimal 314)
   defining Unicode char U+013D (decimal 317)
   defining Unicode char U+013E (decimal 318)
   defining Unicode char U+0141 (decimal 321)
   defining Unicode char U+0142 (decimal 322)
   defining Unicode char U+0143 (decimal 323)
   defining Unicode char U+0144 (decimal 324)
   defining Unicode char U+0147 (decimal 327)
   defining Unicode char U+0148 (decimal 328)
   defining Unicode char U+014A (decimal 330)
   defining Unicode char U+014B (decimal 331)
   defining Unicode char U+0150 (decimal 336)
   defining Unicode char U+0151 (decimal 337)
   defining Unicode char U+0152 (decimal 338)
   defining Unicode char U+0153 (decimal 339)
   defining Unicode char U+0154 (decimal 340)
   defining Unicode char U+0155 (decimal 341)
   defining Unicode char U+0158 (decimal 344)
   defining Unicode char U+0159 (decimal 345)
   defining Unicode char U+015A (decimal 346)
   defining Unicode char U+015B (decimal 347)
   defining Unicode char U+015E (decimal 350)
   defining Unicode char U+015F (decimal 351)
   defining Unicode char U+0160 (decimal 352)
   defining Unicode char U+0161 (decimal 353)
   defining Unicode char U+0162 (decimal 354)
   defining Unicode char U+0163 (decimal 355)
   defining Unicode char U+0164 (decimal 356)
   defining Unicode char U+0165 (decimal 357)
   defining Unicode char U+016E (decimal 366)
   defining Unicode char U+016F (decimal 367)
   defining Unicode char U+0170 (decimal 368)
   defining Unicode char U+0171 (decimal 369)
   defining Unicode char U+0178 (decimal 376)
   defining Unicode char U+0179 (decimal 377)
   defining Unicode char U+017A (decimal 378)
   defining Unicode char U+017B (decimal 379)
   defining Unicode char U+017C (decimal 380)
   defining Unicode char U+017D (decimal 381)
   defining Unicode char U+017E (decimal 382)
   defining Unicode char U+200C (decimal 8204)
   defining Unicode char U+2013 (decimal 8211)
   defining Unicode char U+2014 (decimal 8212)
   defining Unicode char U+2018 (decimal 8216)
   defining Unicode char U+2019 (decimal 8217)
   defining Unicode char U+201A (decimal 8218)
   defining Unicode char U+201C (decimal 8220)
   defining Unicode char U+201D (decimal 8221)
   defining Unicode char U+201E (decimal 8222)
   defining Unicode char U+2030 (decimal 8240)
   defining Unicode char U+2031 (decimal 8241)
   defining Unicode char U+2039 (decimal 8249)
   defining Unicode char U+203A (decimal 8250)
   defining Unicode char U+2423 (decimal 9251)
)
Now handling font encoding OT1 ...
... processing UTF-8 mapping file for font encoding OT1

(D:\Programs\MiKTeX\tex\latex\base\ot1enc.dfu
File: ot1enc.dfu 2008/04/05 v1.1m UTF-8 support for inputenc
   defining Unicode char U+00A1 (decimal 161)
   defining Unicode char U+00A3 (decimal 163)
   defining Unicode char U+00B8 (decimal 184)
   defining Unicode char U+00BF (decimal 191)
   defining Unicode char U+00C5 (decimal 197)
   defining Unicode char U+00C6 (decimal 198)
   defining Unicode char U+00D8 (decimal 216)
   defining Unicode char U+00DF (decimal 223)
   defining Unicode char U+00E6 (decimal 230)
   defining Unicode char U+00EC (decimal 236)
   defining Unicode char U+00ED (decimal 237)
   defining Unicode char U+00EE (decimal 238)
   defining Unicode char U+00EF (decimal 239)
   defining Unicode char U+00F8 (decimal 248)
   defining Unicode char U+0131 (decimal 305)
   defining Unicode char U+0141 (decimal 321)
   defining Unicode char U+0142 (decimal 322)
   defining Unicode char U+0152 (decimal 338)
   defining Unicode char U+0153 (decimal 339)
   defining Unicode char U+2013 (decimal 8211)
   defining Unicode char U+2014 (decimal 8212)
   defining Unicode char U+2018 (decimal 8216)
   defining Unicode char U+2019 (decimal 8217)
   defining Unicode char U+201C (decimal 8220)
   defining Unicode char U+201D (decimal 8221)
)
Now handling font encoding OMS ...
... processing UTF-8 mapping file for font encoding OMS

(D:\Programs\MiKTeX\tex\latex\base\omsenc.dfu
File: omsenc.dfu 2008/04/05 v1.1m UTF-8 support for inputenc
   defining Unicode char U+00A7 (decimal 167)
   defining Unicode char U+00B6 (decimal 182)
   defining Unicode char U+00B7 (decimal 183)
   defining Unicode char U+2020 (decimal 8224)
   defining Unicode char U+2021 (decimal 8225)
   defining Unicode char U+2022 (decimal 8226)
)
Now handling font encoding OMX ...
... no UTF-8 mapping file for font encoding OMX
Now handling font encoding U ...
... no UTF-8 mapping file for font encoding U
   defining Unicode char U+00A9 (decimal 169)
   defining Unicode char U+00AA (decimal 170)
   defining Unicode char U+00AE (decimal 174)
   defining Unicode char U+00BA (decimal 186)
   defining Unicode char U+02C6 (decimal 710)
   defining Unicode char U+02DC (decimal 732)
   defining Unicode char U+200C (decimal 8204)
   defining Unicode char U+2026 (decimal 8230)
   defining Unicode char U+2122 (decimal 8482)
   defining Unicode char U+2423 (decimal 9251)
))
(D:\Programs\MiKTeX\tex\generic\babel\babel.sty
Package: babel 2008/07/08 v3.8m The Babel package

*************************************
* Local config file bblopts.cfg used
*
(D:\Programs\MiKTeX\tex\latex\00miktex\bblopts.cfg
File: bblopts.cfg 2006/07/31 v1.0 MiKTeX 'babel' configuration
)
(D:\Programs\MiKTeX\tex\generic\babel\czech.ldf
Language: czech 2008/07/06 v3.1a Czech support from the babel system

(D:\Programs\MiKTeX\tex\generic\babel\babel.def
File: babel.def 2008/07/08 v3.8m Babel common definitions
\babel@savecnt=\count91
\U@D=\dimen111
)
Package babel Info: Making " an active character on input line 172.
\cs@wordlen=\count92
Package babel Info: Making - an active character on input line 226.
))
(D:\Programs\MiKTeX\tex\latex\base\fontenc.sty
Package: fontenc 2005/09/27 v1.99g Standard LaTeX package

(D:\Programs\MiKTeX\tex\latex\base\t1enc.def
File: t1enc.def 2005/09/27 v1.99g Standard LaTeX file
LaTeX Font Info:    Redeclaring font encoding T1 on input line 43.
))
(D:\Programs\MiKTeX\tex\latex\amsmath\amsmath.sty
Package: amsmath 2013/01/14 v2.14 AMS math features
\@mathmargin=\skip43

For additional information on amsmath, use the `?' option.
(D:\Programs\MiKTeX\tex\latex\amsmath\amstext.sty
Package: amstext 2000/06/29 v2.01

(D:\Programs\MiKTeX\tex\latex\amsmath\amsgen.sty
File: amsgen.sty 1999/11/30 v2.0
\@emptytoks=\toks18
\ex@=\dimen112
))
(D:\Programs\MiKTeX\tex\latex\amsmath\amsbsy.sty
Package: amsbsy 1999/11/29 v1.2d
\pmbraise@=\dimen113
)
(D:\Programs\MiKTeX\tex\latex\amsmath\amsopn.sty
Package: amsopn 1999/12/14 v2.01 operator names
)
\inf@bad=\count93
LaTeX Info: Redefining \frac on input line 210.
\uproot@=\count94
\leftroot@=\count95
LaTeX Info: Redefining \overline on input line 306.
\classnum@=\count96
\DOTSCASE@=\count97
LaTeX Info: Redefining \ldots on input line 378.
LaTeX Info: Redefining \dots on input line 381.
LaTeX Info: Redefining \cdots on input line 466.
\Mathstrutbox@=\box26
\strutbox@=\box27
\big@size=\dimen114
LaTeX Font Info:    Redeclaring font encoding OML on input line 566.
LaTeX Font Info:    Redeclaring font encoding OMS on input line 567.
\macc@depth=\count98
\c@MaxMatrixCols=\count99
\dotsspace@=\muskip10
\c@parentequation=\count100
\dspbrk@lvl=\count101
\tag@help=\toks19
\row@=\count102
\column@=\count103
\maxfields@=\count104
\andhelp@=\toks20
\eqnshift@=\dimen115
\alignsep@=\dimen116
\tagshift@=\dimen117
\tagwidth@=\dimen118
\totwidth@=\dimen119
\lineht@=\dimen120
\@envbody=\toks21
\multlinegap=\skip44
\multlinetaggap=\skip45
\mathdisplay@stack=\toks22
LaTeX Info: Redefining \[ on input line 2665.
LaTeX Info: Redefining \] on input line 2666.
)
(D:\Programs\MiKTeX\tex\latex\amsfonts\amsfonts.sty
Package: amsfonts 2013/01/14 v3.01 Basic AMSFonts support
\symAMSa=\mathgroup4
\symAMSb=\mathgroup5
LaTeX Font Info:    Overwriting math alphabet `\mathfrak' in version `bold'
(Font)                  U/euf/m/n --> U/euf/b/n on input line 106.
)
(D:\Programs\MiKTeX\tex\latex\amsfonts\amssymb.sty
Package: amssymb 2013/01/14 v3.01 AMS font symbols
)
(D:\Programs\MiKTeX\tex\latex\graphics\graphicx.sty
Package: graphicx 1999/02/16 v1.0f Enhanced LaTeX Graphics (DPC,SPQR)

(D:\Programs\MiKTeX\tex\latex\graphics\graphics.sty
Package: graphics 2009/02/05 v1.0o Standard LaTeX Graphics (DPC,SPQR)

(D:\Programs\MiKTeX\tex\latex\graphics\trig.sty
Package: trig 1999/03/16 v1.09 sin cos tan (DPC)
)
(D:\Programs\MiKTeX\tex\latex\00miktex\graphics.cfg
File: graphics.cfg 2007/01/18 v1.5 graphics configuration of teTeX/TeXLive
)
Package graphics Info: Driver file: pdftex.def on input line 91.

(D:\Programs\MiKTeX\tex\latex\pdftex-def\pdftex.def
File: pdftex.def 2011/05/27 v0.06d Graphics/color for pdfTeX

(D:\Programs\MiKTeX\tex\generic\oberdiek\infwarerr.sty
Package: infwarerr 2010/04/08 v1.3 Providing info/warning/error messages (HO)
)
(D:\Programs\MiKTeX\tex\generic\oberdiek\ltxcmds.sty
Package: ltxcmds 2011/11/09 v1.22 LaTeX kernel commands for general use (HO)
)
\Gread@gobject=\count105
))
\Gin@req@height=\dimen121
\Gin@req@width=\dimen122
)
(D:\Programs\MiKTeX\tex\latex\oberdiek\epstopdf.sty
Package: epstopdf 2010/02/09 v2.5 Conversion with epstopdf on the fly (HO)

(D:\Programs\MiKTeX\tex\latex\oberdiek\epstopdf-base.sty
Package: epstopdf-base 2010/02/09 v2.5 Base part for package epstopdf

(D:\Programs\MiKTeX\tex\latex\oberdiek\grfext.sty
Package: grfext 2010/08/19 v1.1 Manage graphics extensions (HO)

(D:\Programs\MiKTeX\tex\generic\oberdiek\kvdefinekeys.sty
Package: kvdefinekeys 2011/04/07 v1.3 Define keys (HO)
))
(D:\Programs\MiKTeX\tex\latex\oberdiek\kvoptions.sty
Package: kvoptions 2011/06/30 v3.11 Key value format for package options (HO)

(D:\Programs\MiKTeX\tex\generic\oberdiek\kvsetkeys.sty
Package: kvsetkeys 2012/04/25 v1.16 Key value parser (HO)

(D:\Programs\MiKTeX\tex\generic\oberdiek\etexcmds.sty
Package: etexcmds 2011/02/16 v1.5 Avoid name clashes with e-TeX commands (HO)

(D:\Programs\MiKTeX\tex\generic\oberdiek\ifluatex.sty
Package: ifluatex 2010/03/01 v1.3 Provides the ifluatex switch (HO)
Package ifluatex Info: LuaTeX not detected.
)
Package etexcmds Info: Could not find \expanded.
(etexcmds)             That can mean that you are not using pdfTeX 1.50 or
(etexcmds)             that some package has redefined \expanded.
(etexcmds)             In the latter case, load this package earlier.
)))
(D:\Programs\MiKTeX\tex\generic\oberdiek\pdftexcmds.sty
Package: pdftexcmds 2011/11/29 v0.20 Utility functions of pdfTeX for LuaTeX (HO
)
Package pdftexcmds Info: LuaTeX not detected.
Package pdftexcmds Info: \pdf@primitive is available.
Package pdftexcmds Info: \pdf@ifprimitive is available.
Package pdftexcmds Info: \pdfdraftmode found.
)
Package grfext Info: Graphics extension search list:
(grfext)             [.png,.pdf,.jpg,.mps,.jpeg,.jbig2,.jb2,.PNG,.PDF,.JPG,.JPE
G,.JBIG2,.JB2,.eps]
(grfext)             \AppendGraphicsExtensions on input line 452.
))
(D:\Programs\MiKTeX\tex\latex\tools\indentfirst.sty
Package: indentfirst 1995/11/23 v1.03 Indent first paragraph (DPC)
)
(C:\Users\kubin\AppData\Roaming\MiKTeX\2.9\tex\latex\esvect\esvect.sty
Package: esvect 
\symesvector=\mathgroup6
)
(C:\Users\kubin\AppData\Roaming\MiKTeX\2.9\tex\latex\fancyhdr\fancyhdr.sty
\fancy@headwidth=\skip46
\f@ncyO@elh=\skip47
\f@ncyO@erh=\skip48
\f@ncyO@olh=\skip49
\f@ncyO@orh=\skip50
\f@ncyO@elf=\skip51
\f@ncyO@erf=\skip52
\f@ncyO@olf=\skip53
\f@ncyO@orf=\skip54
)
(C:\Users\kubin\AppData\Roaming\MiKTeX\2.9\tex\latex\siunitx\siunitx.sty
(C:\Users\kubin\AppData\Roaming\MiKTeX\2.9\tex\latex\l3kernel\expl3.sty
Package: expl3 2015/03/01 v5547 L3 programming layer (loader) 

(C:\Users\kubin\AppData\Roaming\MiKTeX\2.9\tex\latex\l3kernel\expl3-code.tex
Package: expl3 2015/03/01 v5547 L3 programming layer (code) 
L3 Module: l3bootstrap 2015/02/28 v5542 L3 Bootstrap code

(D:\Programs\MiKTeX\tex\latex\misc\etex.sty
Package: etex 1998/03/26 v2.0 eTeX basic definition package (PEB)
\et@xins=\count106
)
L3 Module: l3names 2015/02/24 v5535 L3 Namespace for primitives
L3 Module: l3basics 2015/01/27 v5500 L3 Basic definitions
L3 Module: l3expan 2014/11/27 v5472 L3 Argument expansion
L3 Module: l3tl 2015/01/27 v5500 L3 Token lists
L3 Module: l3str 2015/03/01 v5545 L3 Strings
L3 Module: l3seq 2014/08/23 v5354 L3 Sequences and stacks
L3 Module: l3int 2015/02/21 v5529 L3 Integers
\c_max_int=\count107
\l_tmpa_int=\count108
\l_tmpb_int=\count109
\g_tmpa_int=\count110
\g_tmpb_int=\count111
L3 Module: l3quark 2014/08/23 v5354 L3 Quarks
L3 Module: l3prg 2014/08/23 v5354 L3 Control structures
\g__prg_map_int=\count112
L3 Module: l3clist 2014/08/23 v5354 L3 Comma separated lists
L3 Module: l3token 2014/09/15 v5422 L3 Experimental token manipulation
L3 Module: l3prop 2014/08/23 v5354 L3 Property lists
L3 Module: l3msg 2015/02/26 v5537 L3 Messages
L3 Module: l3file 2014/08/24 v5369 L3 File and I/O operations
\l_iow_line_count_int=\count113
\l__iow_target_count_int=\count114
\l__iow_current_line_int=\count115
\l__iow_current_word_int=\count116
\l__iow_current_indentation_int=\count117
L3 Module: l3skip 2014/08/23 v5354 L3 Dimensions and skips
\c_zero_dim=\dimen123
\c_max_dim=\dimen124
\l_tmpa_dim=\dimen125
\l_tmpb_dim=\dimen126
\g_tmpa_dim=\dimen127
\g_tmpb_dim=\dimen128
\c_zero_skip=\skip55
\c_max_skip=\skip56
\l_tmpa_skip=\skip57
\l_tmpb_skip=\skip58
\g_tmpa_skip=\skip59
\g_tmpb_skip=\skip60
\c_zero_muskip=\muskip11
\c_max_muskip=\muskip12
\l_tmpa_muskip=\muskip13
\l_tmpb_muskip=\muskip14
\g_tmpa_muskip=\muskip15
\g_tmpb_muskip=\muskip16
L3 Module: l3keys 2015/01/27 v5500 L3 Key-value interfaces
\g__keyval_level_int=\count118
\l_keys_choice_int=\count119
L3 Module: l3fp 2014/08/22 v5336 L3 Floating points
\c__fp_leading_shift_int=\count120
\c__fp_middle_shift_int=\count121
\c__fp_trailing_shift_int=\count122
\c__fp_big_leading_shift_int=\count123
\c__fp_big_middle_shift_int=\count124
\c__fp_big_trailing_shift_int=\count125
\c__fp_Bigg_leading_shift_int=\count126
\c__fp_Bigg_middle_shift_int=\count127
\c__fp_Bigg_trailing_shift_int=\count128
L3 Module: l3box 2014/08/23 v5354 L3 Experimental boxes
\c_empty_box=\box28
\l_tmpa_box=\box29
\l_tmpb_box=\box30
\g_tmpa_box=\box31
\g_tmpb_box=\box32
L3 Module: l3coffins 2014/08/23 v5354 L3 Coffin code layer
\l__coffin_internal_box=\box33
\l__coffin_internal_dim=\dimen129
\l__coffin_offset_x_dim=\dimen130
\l__coffin_offset_y_dim=\dimen131
\l__coffin_x_dim=\dimen132
\l__coffin_y_dim=\dimen133
\l__coffin_x_prime_dim=\dimen134
\l__coffin_y_prime_dim=\dimen135
\c_empty_coffin=\box34
\l__coffin_aligned_coffin=\box35
\l__coffin_aligned_internal_coffin=\box36
\l_tmpa_coffin=\box37
\l_tmpb_coffin=\box38
\l__coffin_display_coffin=\box39
\l__coffin_display_coord_coffin=\box40
\l__coffin_display_pole_coffin=\box41
\l__coffin_display_offset_dim=\dimen136
\l__coffin_display_x_dim=\dimen137
\l__coffin_display_y_dim=\dimen138
L3 Module: l3color 2014/08/23 v5354 L3 Experimental color support
L3 Module: l3candidates 2015/03/01 v5544 L3 Experimental additions to l3kernel
\l__box_top_dim=\dimen139
\l__box_bottom_dim=\dimen140
\l__box_left_dim=\dimen141
\l__box_right_dim=\dimen142
\l__box_top_new_dim=\dimen143
\l__box_bottom_new_dim=\dimen144
\l__box_left_new_dim=\dimen145
\l__box_right_new_dim=\dimen146
\l__box_internal_box=\box42
\l__coffin_bounding_shift_dim=\dimen147
\l__coffin_left_corner_dim=\dimen148
\l__coffin_right_corner_dim=\dimen149
\l__coffin_bottom_corner_dim=\dimen150
\l__coffin_top_corner_dim=\dimen151
\l__coffin_scaled_total_height_dim=\dimen152
\l__coffin_scaled_width_dim=\dimen153
)
(C:\Users\kubin\AppData\Roaming\MiKTeX\2.9\tex\latex\l3kernel\l3unicode-data.de
f
File: l3unicode-data.def 2015/03/01 v5544 L3 Unicode data
) (C:\Users\kubin\AppData\Roaming\MiKTeX\2.9\tex\latex\l3kernel\l3pdfmode.def
File: l3pdfmode.def 2015/03/01 v5544 L3 Experimental driver: PDF mode
\l__driver_color_stack_int=\count129
))
(C:\Users\kubin\AppData\Roaming\MiKTeX\2.9\tex\latex\l3packages\xparse\xparse.s
ty
Package: xparse 2014/11/25 v5471 L3 Experimental document command parser
\l__xparse_current_arg_int=\count130
\l__xparse_m_args_int=\count131
\l__xparse_mandatory_args_int=\count132
\l__xparse_processor_int=\count133
\l__xparse_v_nesting_int=\count134
)
Package: siunitx 2015/01/21 v2.6e A comprehensive (SI) units package
 (D:\Programs\MiKTeX\tex\latex\tools\array.sty
Package: array 2008/09/09 v2.4c Tabular extension package (FMi)
\col@sep=\dimen154
\extrarowheight=\dimen155
\NC@list=\toks23
\extratabsurround=\skip61
\backup@length=\skip62
)
(C:\Users\kubin\AppData\Roaming\MiKTeX\2.9\tex\latex\l3packages\l3keys2e\l3keys
2e.sty
Package: l3keys2e 2014/11/25 v5471 LaTeX2e option processing using LaTeX3 keys
)
Variant \tl_if_blank:VTF already defined; not changing it on line 50
\l__siunitx_tmp_box=\box43
\l__siunitx_tmp_dim=\dimen156
\l__siunitx_tmp_int=\count135
Variant \prop_get:NVNT already defined; not changing it on line 380
Variant \prop_get:NVNF already defined; not changing it on line 381
Variant \prop_get:NVNTF already defined; not changing it on line 382
\l__siunitx_number_mantissa_length_int=\count136
\l__siunitx_number_uncert_length_int=\count137
\l__siunitx_round_int=\count138
\l__siunitx_process_decimal_int=\count139
\l__siunitx_process_uncertainty_int=\count140
\l__siunitx_process_fixed_int=\count141
\l__siunitx_process_integer_min_int=\count142
\l__siunitx_process_precision_int=\count143
\l__siunitx_group_min_int=\count144
\l__siunitx_angle_marker_box=\box44
\l__siunitx_angle_unit_box=\box45
\l__siunitx_angle_marker_dim=\dimen157
\l__siunitx_angle_unit_dim=\dimen158
\l__siunitx_unit_int=\count145
\l__siunitx_unit_denominator_int=\count146
\l__siunitx_unit_numerator_int=\count147
\l__siunitx_unit_prefix_int=\count148
\l__siunitx_unit_prefix_base_int=\count149
\l__siunitx_unit_prefix_gram_int=\count150
\l__siunitx_number_product_int=\count151
\c__siunitx_one_fill_skip=\skip63
\l__siunitx_table_unit_align_skip=\skip64
\l__siunitx_table_exponent_dim=\dimen159
\l__siunitx_table_integer_dim=\dimen160
\l__siunitx_table_mantissa_dim=\dimen161
\l__siunitx_table_marker_dim=\dimen162
\l__siunitx_table_result_dim=\dimen163
\l__siunitx_table_uncert_dim=\dimen164
\l__siunitx_table_fill_pre_dim=\dimen165
\l__siunitx_table_fill_post_dim=\dimen166
\l__siunitx_table_fill_mid_dim=\dimen167
\l__siunitx_table_pre_box=\box46
\l__siunitx_table_post_box=\box47
\l__siunitx_table_mantissa_box=\box48
\l__siunitx_table_result_box=\box49
\l__siunitx_table_number_align_skip=\skip65
\l__siunitx_table_text_align_skip=\skip66
.................................................
. LaTeX info: "xparse/define-command"
. 
. Defining command \DeclareBinaryPrefix with sig. 'mmm' on line 7176.
.................................................
.................................................
. LaTeX info: "xparse/define-command"
. 
. Defining command \DeclareSIPostPower with sig. 'mm' on line 7179.
.................................................
.................................................
. LaTeX info: "xparse/define-command"
. 
. Defining command \DeclareSIPrefix with sig. 'mmm' on line 7182.
.................................................
.................................................
. LaTeX info: "xparse/define-command"
. 
. Defining command \DeclareSIPrePower with sig. 'mm' on line 7185.
.................................................
.................................................
. LaTeX info: "xparse/define-command"
. 
. Defining command \DeclareSIQualifier with sig. 'mm' on line 7188.
.................................................
.................................................
. LaTeX info: "xparse/define-command"
. 
. Defining command \DeclareSIUnit with sig. 'O{}mm' on line 7191.
.................................................
.................................................
. LaTeX info: "xparse/define-command"
. 
. Defining command \DeclareSIUnitWithOptions with sig. 'mmm' on line 7194.
.................................................
.................................................
. LaTeX info: "xparse/define-command"
. 
. Defining command \ang with sig. 'o>{\SplitArgument {2}{;}}m' on line 7209.
.................................................
.................................................
. LaTeX info: "xparse/define-command"
. 
. Defining command \num with sig. 'om' on line 7217.
.................................................
.................................................
. LaTeX info: "xparse/define-command"
. 
. Defining command \numlist with sig. 'o>{\SplitList {;}}m' on line 7225.
.................................................
.................................................
. LaTeX info: "xparse/define-command"
. 
. Defining command \numrange with sig. 'omm' on line 7233.
.................................................
.................................................
. LaTeX info: "xparse/define-command"
. 
. Defining command \SIlist with sig. 'o>{\SplitList {;}}mm' on line 7244.
.................................................
.................................................
. LaTeX info: "xparse/define-command"
. 
. Defining command \SIrange with sig. 'ommm' on line 7255.
.................................................
.................................................
. LaTeX info: "xparse/define-command"
. 
. Defining command \SI with sig. 'omom' on line 7266.
.................................................
.................................................
. LaTeX info: "xparse/define-command"
. 
. Defining command \sisetup with sig. 'm' on line 7269.
.................................................
.................................................
. LaTeX info: "xparse/define-command"
. 
. Defining command \tablenum with sig. 'om' on line 7281.
.................................................
.................................................
. LaTeX info: "xparse/define-command"
. 
. Defining command \si with sig. 'om' on line 7292.
.................................................
.................................................
. LaTeX info: "xparse/define-command"
. 
. Defining command \__siunitx_bookmark_num:w with sig. 'om' on line 7339.
.................................................
.................................................
. LaTeX info: "xparse/define-command"
. 
. Defining command \__siunitx_bookmark_numrange:w with sig. 'omm' on line
. 7341.
.................................................
.................................................
. LaTeX info: "xparse/define-command"
. 
. Defining command \__siunitx_bookmark_SI:w with sig. 'omom' on line 7343.
.................................................
.................................................
. LaTeX info: "xparse/define-command"
. 
. Defining command \__siunitx_bookmark_SIlist:w with sig. 'omm' on line 7345.
.................................................
.................................................
. LaTeX info: "xparse/define-command"
. 
. Defining command \__siunitx_bookmark_SIrange:w with sig. 'ommm' on line
. 7347.
.................................................
.................................................
. LaTeX info: "xparse/define-command"
. 
. Defining command \__siunitx_bookmark_si:w with sig. 'om' on line 7348.
.................................................
\g__file_internal_ior=\read1

(C:\Users\kubin\AppData\Roaming\MiKTeX\2.9\tex\latex\beamer\base\translator\tra
nslator.sty
Package: translator 2010/06/12 ver 1.10

(C:\Users\kubin\AppData\Roaming\MiKTeX\2.9\tex\latex\beamer\base\translator\tra
nslator-language-mappings.tex)))
(C:\Users\kubin\AppData\Roaming\MiKTeX\2.9\tex\latex\biblatex\biblatex.sty
Package: biblatex 2014/06/25 v2.9a programmable bibliographies (PK/JW/AB)

(C:\Users\kubin\AppData\Roaming\MiKTeX\2.9\tex\latex\biblatex\biblatex1.sty
Package: biblatex1 2014/06/25 v2.9a programmable bibliographies (bibtex) (PK/JW
/AB)

(C:\Users\kubin\AppData\Roaming\MiKTeX\2.9\tex\latex\etoolbox\etoolbox.sty
Package: etoolbox 2015/03/19 v2.1d e-TeX tools for LaTeX (JAW)
\etb@tempcnta=\count152
)
(C:\Users\kubin\AppData\Roaming\MiKTeX\2.9\tex\latex\logreq\logreq.sty
Package: logreq 2010/08/04 v1.0 xml request logger
\lrq@indent=\count153

(C:\Users\kubin\AppData\Roaming\MiKTeX\2.9\tex\latex\logreq\logreq.def
File: logreq.def 2010/08/04 v1.0 logreq spec v1.0
))
(D:\Programs\MiKTeX\tex\latex\base\ifthen.sty
Package: ifthen 2001/05/26 v1.1c Standard LaTeX ifthen package (DPC)
)
(C:\Users\kubin\AppData\Roaming\MiKTeX\2.9\tex\latex\url\url.sty
\Urlmuskip=\muskip17
Package: url 2013/09/16  ver 3.4  Verb mode for urls, etc.
)
\c@tabx@nest=\count154
\c@listtotal=\count155
\c@listcount=\count156
\c@liststart=\count157
\c@liststop=\count158
\c@citecount=\count159
\c@citetotal=\count160
\c@multicitecount=\count161
\c@multicitetotal=\count162
\c@instcount=\count163
\c@maxnames=\count164
\c@minnames=\count165
\c@maxitems=\count166
\c@minitems=\count167
\c@citecounter=\count168
\c@savedcitecounter=\count169
\c@uniquelist=\count170
\c@uniquename=\count171
\c@refsection=\count172
\c@refsegment=\count173
\c@maxextrayear=\count174
\c@maxextraalpha=\count175
\c@abbrvpenalty=\count176
\c@highnamepenalty=\count177
\c@lownamepenalty=\count178
\c@maxparens=\count179
\c@parenlevel=\count180
\blx@tempcnta=\count181
\blx@tempcntb=\count182
\blx@tempcntc=\count183
\blx@maxsection=\count184
\blx@maxsegment=\count185
\blx@notetype=\count186
\blx@parenlevel@text=\count187
\blx@parenlevel@foot=\count188
\labelnumberwidth=\skip67
\labelalphawidth=\skip68
\shorthandwidth=\skip69
\biblabelsep=\skip70
\bibitemsep=\skip71
\bibnamesep=\skip72
\bibinitsep=\skip73
\bibparsep=\skip74
\bibhang=\skip75
\blx@auxin=\read2
\blx@auxout=\write3
\c@mincomprange=\count189
\c@maxcomprange=\count190
\c@mincompwidth=\count191
\c@labelname=\count192
\c@savedlabelname=\count193
\c@author=\count194
\c@savedauthor=\count195
\c@shortauthor=\count196
\c@savedshortauthor=\count197
\c@editor=\count198
\c@savededitor=\count199
\c@editora=\count200
\c@savededitora=\count201
Normal \count register pool exhausted, switching to extended pool.
\c@editorb=\count277
\c@savededitorb=\count278
\c@editorc=\count279
\c@savededitorc=\count280
\c@shorteditor=\count281
\c@savedshorteditor=\count282
\c@bookauthor=\count283
\c@savedbookauthor=\count284
\c@translator=\count285
\c@savedtranslator=\count286
\c@annotator=\count287
\c@savedannotator=\count288
\c@commentator=\count289
\c@savedcommentator=\count290
\c@introduction=\count291
\c@savedintroduction=\count292
\c@foreword=\count293
\c@savedforeword=\count294
\c@afterword=\count295
\c@savedafterword=\count296
\c@holder=\count297
\c@savedholder=\count298
\c@namea=\count299
\c@savednamea=\count300
\c@nameb=\count301
\c@savednameb=\count302
\c@namec=\count303
\c@savednamec=\count304
\c@institution=\count305
\c@savedinstitution=\count306
\c@language=\count307
\c@savedlanguage=\count308
\c@location=\count309
\c@savedlocation=\count310
\c@organization=\count311
\c@savedorganization=\count312
\c@origlocation=\count313
\c@savedoriglocation=\count314
\c@origpublisher=\count315
\c@savedorigpublisher=\count316
\c@pageref=\count317
\c@savedpageref=\count318
\c@publisher=\count319
\c@savedpublisher=\count320
\c@lista=\count321
\c@savedlista=\count322
\c@listb=\count323
\c@savedlistb=\count324
\c@listc=\count325
\c@savedlistc=\count326
\c@listd=\count327
\c@savedlistd=\count328
\c@liste=\count329
\c@savedliste=\count330
\c@listf=\count331
\c@savedlistf=\count332
Package biblatex Info: Trying to load compatibility code...
Package biblatex Info: ... file 'blx-compat.def' found.

(C:\Users\kubin\AppData\Roaming\MiKTeX\2.9\tex\latex\biblatex\blx-compat.def
File: blx-compat.def 2014/06/25 v2.9a biblatex compatibility (PK/JW/AB)
)
Package biblatex Info: Trying to load generic definitions...
Package biblatex Info: ... file 'biblatex.def' found.

(C:\Users\kubin\AppData\Roaming\MiKTeX\2.9\tex\latex\biblatex\biblatex.def
File: biblatex.def 
\c@textcitecount=\count333
\c@textcitetotal=\count334
\c@textcitemaxnames=\count335
\c@biburlnumpenalty=\count336
\c@biburlucpenalty=\count337
\c@biburllcpenalty=\count338
\c@smartand=\count339
)
Package biblatex Info: Trying to load bibliography style 'numeric'...
Package biblatex Info: ... file 'numeric.bbx' found.

(C:\Users\kubin\AppData\Roaming\MiKTeX\2.9\tex\latex\biblatex\bbx\numeric.bbx
File: numeric.bbx 2014/06/25 v2.9a biblatex bibliography style (PK/JW/AB)
Package biblatex Info: Trying to load bibliography style 'standard'...
Package biblatex Info: ... file 'standard.bbx' found.

(C:\Users\kubin\AppData\Roaming\MiKTeX\2.9\tex\latex\biblatex\bbx\standard.bbx
File: standard.bbx 2014/06/25 v2.9a biblatex bibliography style (PK/JW/AB)
\c@bbx:relatedcount=\count340
\c@bbx:relatedtotal=\count341
))
Package biblatex Info: Trying to load citation style 'numeric'...
Package biblatex Info: ... file 'numeric.cbx' found.
 (C:\Users\kubin\AppData\Roaming\MiKTeX\2.9\tex\latex\biblatex\cbx\numeric.cbx
File: numeric.cbx 2014/06/25 v2.9a biblatex citation style (PK/JW/AB)
Package biblatex Info: Redefining '\cite'.
Package biblatex Info: Redefining '\parencite'.
Package biblatex Info: Redefining '\footcite'.
Package biblatex Info: Redefining '\footcitetext'.
Package biblatex Info: Redefining '\smartcite'.
Package biblatex Info: Redefining '\supercite'.
Package biblatex Info: Redefining '\textcite'.
Package biblatex Info: Redefining '\textcites'.
Package biblatex Info: Redefining '\cites'.
Package biblatex Info: Redefining '\parencites'.
Package biblatex Info: Redefining '\smartcites'.
)
Package biblatex Info: Trying to load configuration file...
Package biblatex Info: ... file 'biblatex.cfg' found.
 (C:\Users\kubin\AppData\Roaming\MiKTeX\2.9\tex\latex\biblatex\biblatex.cfg
File: biblatex.cfg 
)))
(C:\Users\kubin\AppData\Roaming\MiKTeX\2.9\tex\latex\filecontents\filecontents.
sty
Package: filecontents 2011/10/08 v1.3 Create an external file from within a LaT
eX document
)

LaTeX Warning: Overwriting file `./thesis.bib'.


Package biblatex Info: Trying to load language 'czech'...
Package biblatex Info: ... file 'czech.lbx' found.
(C:\Users\kubin\AppData\Roaming\MiKTeX\2.9\tex\latex\biblatex\lbx\czech.lbx
File: czech.lbx 2014/06/25 v2.9a biblatex localization (PK/JW/AB)
)

Package biblatex Warning: 'babel/polyglossia' detected but 'csquotes' missing.
(biblatex)                Loading 'csquotes' recommended.

\@quotelevel=\count342
\@quotereset=\count343
(C:\Users\kubin\Desktop\GitFolder\doc_thesis\DrapelaThesis.aux

LaTeX Warning: Label `Detekce' multiply defined.

)
LaTeX Font Info:    Checking defaults for OML/cmm/m/it on input line 123.
LaTeX Font Info:    ... okay on input line 123.
LaTeX Font Info:    Checking defaults for T1/cmr/m/n on input line 123.
LaTeX Font Info:    ... okay on input line 123.
LaTeX Font Info:    Checking defaults for OT1/cmr/m/n on input line 123.
LaTeX Font Info:    ... okay on input line 123.
LaTeX Font Info:    Checking defaults for OMS/cmsy/m/n on input line 123.
LaTeX Font Info:    ... okay on input line 123.
LaTeX Font Info:    Checking defaults for OMX/cmex/m/n on input line 123.
LaTeX Font Info:    ... okay on input line 123.
LaTeX Font Info:    Checking defaults for U/cmr/m/n on input line 123.
LaTeX Font Info:    ... okay on input line 123.

*geometry* driver: auto-detecting
*geometry* detected driver: pdftex
*geometry* verbose mode - [ preamble ] result:
* driver: pdftex
* paper: a4paper
* layout: <same size as paper>
* layoutoffset:(h,v)=(0.0pt,0.0pt)
* modes: 
* h-part:(L,W,R)=(72.26999pt, 452.9679pt, 72.26999pt)
* v-part:(T,H,B)=(72.26999pt, 700.50687pt, 72.26999pt)
* \paperwidth=597.50787pt
* \paperheight=845.04684pt
* \textwidth=452.9679pt
* \textheight=700.50687pt
* \oddsidemargin=0.0pt
* \evensidemargin=0.0pt
* \topmargin=-37.0pt
* \headheight=12.0pt
* \headsep=25.0pt
* \topskip=11.0pt
* \footskip=30.0pt
* \marginparwidth=50.0pt
* \marginparsep=10.0pt
* \columnsep=10.0pt
* \skip\footins=10.0pt plus 4.0pt minus 2.0pt
* \hoffset=0.0pt
* \voffset=0.0pt
* \mag=1000
* \@twocolumnfalse
* \@twosidefalse
* \@mparswitchfalse
* \@reversemarginfalse
* (1in=72.27pt=25.4mm, 1cm=28.453pt)

(C:\Users\kubin\AppData\Roaming\MiKTeX\2.9\tex\context\base\supp-pdf.mkii
[Loading MPS to PDF converter (version 2006.09.02).]
\scratchcounter=\count344
\scratchdimen=\dimen168
\scratchbox=\box50
\nofMPsegments=\count345
\nofMParguments=\count346
\everyMPshowfont=\toks24
\MPscratchCnt=\count347
\MPscratchDim=\dimen169
\MPnumerator=\count348
\makeMPintoPDFobject=\count349
\everyMPtoPDFconversion=\toks25
)
Now handling font encoding TS1 ...
... processing UTF-8 mapping file for font encoding TS1
 (D:\Programs\MiKTeX\tex\latex\base\ts1enc.dfu
File: ts1enc.dfu 2008/04/05 v1.1m UTF-8 support for inputenc
   defining Unicode char U+00A2 (decimal 162)
   defining Unicode char U+00A3 (decimal 163)
   defining Unicode char U+00A4 (decimal 164)
   defining Unicode char U+00A5 (decimal 165)
   defining Unicode char U+00A6 (decimal 166)
   defining Unicode char U+00A7 (decimal 167)
   defining Unicode char U+00A8 (decimal 168)
   defining Unicode char U+00A9 (decimal 169)
   defining Unicode char U+00AA (decimal 170)
   defining Unicode char U+00AC (decimal 172)
   defining Unicode char U+00AE (decimal 174)
   defining Unicode char U+00AF (decimal 175)
   defining Unicode char U+00B0 (decimal 176)
   defining Unicode char U+00B1 (decimal 177)
   defining Unicode char U+00B2 (decimal 178)
   defining Unicode char U+00B3 (decimal 179)
   defining Unicode char U+00B4 (decimal 180)
   defining Unicode char U+00B5 (decimal 181)
   defining Unicode char U+00B6 (decimal 182)
   defining Unicode char U+00B7 (decimal 183)
   defining Unicode char U+00B9 (decimal 185)
   defining Unicode char U+00BA (decimal 186)
   defining Unicode char U+00BC (decimal 188)
   defining Unicode char U+00BD (decimal 189)
   defining Unicode char U+00BE (decimal 190)
   defining Unicode char U+00D7 (decimal 215)
   defining Unicode char U+00F7 (decimal 247)
   defining Unicode char U+0192 (decimal 402)
   defining Unicode char U+02C7 (decimal 711)
   defining Unicode char U+02D8 (decimal 728)
   defining Unicode char U+02DD (decimal 733)
   defining Unicode char U+0E3F (decimal 3647)
   defining Unicode char U+2016 (decimal 8214)
   defining Unicode char U+2020 (decimal 8224)
   defining Unicode char U+2021 (decimal 8225)
   defining Unicode char U+2022 (decimal 8226)
   defining Unicode char U+2030 (decimal 8240)
   defining Unicode char U+2031 (decimal 8241)
   defining Unicode char U+203B (decimal 8251)
   defining Unicode char U+203D (decimal 8253)
   defining Unicode char U+2044 (decimal 8260)
   defining Unicode char U+204E (decimal 8270)
   defining Unicode char U+2052 (decimal 8274)
   defining Unicode char U+20A1 (decimal 8353)
   defining Unicode char U+20A4 (decimal 8356)
   defining Unicode char U+20A6 (decimal 8358)
   defining Unicode char U+20A9 (decimal 8361)
   defining Unicode char U+20AB (decimal 8363)
   defining Unicode char U+20AC (decimal 8364)
   defining Unicode char U+20B1 (decimal 8369)
   defining Unicode char U+2103 (decimal 8451)
   defining Unicode char U+2116 (decimal 8470)
   defining Unicode char U+2117 (decimal 8471)
   defining Unicode char U+211E (decimal 8478)
   defining Unicode char U+2120 (decimal 8480)
   defining Unicode char U+2122 (decimal 8482)
   defining Unicode char U+2126 (decimal 8486)
   defining Unicode char U+2127 (decimal 8487)
   defining Unicode char U+212E (decimal 8494)
   defining Unicode char U+2190 (decimal 8592)
   defining Unicode char U+2191 (decimal 8593)
   defining Unicode char U+2192 (decimal 8594)
   defining Unicode char U+2193 (decimal 8595)
   defining Unicode char U+2329 (decimal 9001)
   defining Unicode char U+232A (decimal 9002)
   defining Unicode char U+2422 (decimal 9250)
   defining Unicode char U+25E6 (decimal 9702)
   defining Unicode char U+25EF (decimal 9711)
   defining Unicode char U+266A (decimal 9834)
)
(C:\Users\kubin\AppData\Roaming\MiKTeX\2.9\tex\latex\beamer\base\translator\dic
ts\translator-basic-dictionary\translator-basic-dictionary-English.dict
Dictionary: translator-basic-dictionary, Language: English 
)
(C:\Users\kubin\AppData\Roaming\MiKTeX\2.9\tex\latex\siunitx\siunitx-abbreviati
ons.cfg
File: siunitx-abbreviations.cfg 2015/01/21 v2.6e siunitx: Abbreviated units
)
Package biblatex Info: Input encoding 'utf8' detected.
Package biblatex Info: Automatic encoding selection.
(biblatex)             Assuming data encoding 'utf8'.


Package biblatex Warning: Data encoding is 'utf8'.
(biblatex)                Use backend=biber.

Package biblatex Info: Trying to load bibliographic data...
Package biblatex Info: ... file 'DrapelaThesis.bbl' found.
(C:\Users\kubin\Desktop\GitFolder\doc_thesis\DrapelaThesis.bbl)
Package biblatex Info: Reference section=0 on input line 123.
Package biblatex Info: Reference segment=0 on input line 123.
\c__siunitx_mathsf_int=\count350
LaTeX Font Info:    Try loading font information for U+msa on input line 123.

(D:\Programs\MiKTeX\tex\latex\amsfonts\umsa.fd
File: umsa.fd 2013/01/14 v3.01 AMS symbols A
)
LaTeX Font Info:    Try loading font information for U+msb on input line 123.

(D:\Programs\MiKTeX\tex\latex\amsfonts\umsb.fd
File: umsb.fd 2013/01/14 v3.01 AMS symbols B
)
LaTeX Font Info:    Try loading font information for U+esvect on input line 123
.

(C:\Users\kubin\AppData\Roaming\MiKTeX\2.9\tex\latex\esvect\uesvect.fd
File: uesvect.fd 
)
\c__siunitx_mathtt_int=\count351

(C:\Users\kubin\Desktop\GitFolder\doc_thesis\src/Detection.tex
Kapitola 1.

LaTeX Warning: Reference `sec:poisson' on page 1 undefined on input line 10.


LaTeX Warning: Reference `sec:stinitko' on page 1 undefined on input line 12.

Package epstopdf Info: Source file: <./figures/podstavec.eps>
(epstopdf)                    date: 2017-03-30 11:59:09
(epstopdf)                    size: 247846 bytes
(epstopdf)             Output file: <./figures/podstavec-eps-converted-to.pdf>
(epstopdf)                    date: 2017-03-30 12:13:14
(epstopdf)                    size: 29946 bytes
(epstopdf)             Command: <epstopdf --outfile=./figures/podstavec-eps-con
verted-to.pdf ./figures/podstavec.eps>
(epstopdf)             \includegraphics on input line 18.
Package epstopdf Info: Output file is already uptodate.
<./figures/podstavec-eps-converted-to.pdf, id=1, 421.575pt x 180.675pt>
File: ./figures/podstavec-eps-converted-to.pdf Graphic file (type pdf)

<use ./figures/podstavec-eps-converted-to.pdf>
Package pdftex.def Info: ./figures/podstavec-eps-converted-to.pdf used on input
 line 18.
(pdftex.def)             Requested size: 317.07614pt x 135.89186pt.

<./figures/pf_near.pdf, id=2, 361.35pt x 289.08pt>
File: ./figures/pf_near.pdf Graphic file (type pdf)
 <use ./figures/pf_near.pdf>
Package pdftex.def Info: ./figures/pf_near.pdf used on input line 34.
(pdftex.def)             Requested size: 108.71132pt x 86.96727pt.

<./figures/pf_near2.pdf, id=3, 361.35pt x 289.08pt>
File: ./figures/pf_near2.pdf Graphic file (type pdf)

<use ./figures/pf_near2.pdf>
Package pdftex.def Info: ./figures/pf_near2.pdf used on input line 37.
(pdftex.def)             Requested size: 108.71132pt x 86.96727pt.

<./figures/pf_punch2.pdf, id=4, 361.35pt x 289.08pt>
File: ./figures/pf_punch2.pdf Graphic file (type pdf)

<use ./figures/pf_punch2.pdf>
Package pdftex.def Info: ./figures/pf_punch2.pdf used on input line 51.
(pdftex.def)             Requested size: 163.06915pt x 128.03368pt.

<./figures/p_deff2.pdf, id=5, 329.48094pt x 248.17719pt>
File: ./figures/p_deff2.pdf Graphic file (type pdf)

<use ./figures/p_deff2.pdf>
Package pdftex.def Info: ./figures/p_deff2.pdf used on input line 54.
(pdftex.def)             Requested size: 163.07094pt x 128.038pt.

<./figures/cut_1.pdf, id=6, 162.87851pt x 240.1271pt>
File: ./figures/cut_1.pdf Graphic file (type pdf)

<use ./figures/cut_1.pdf>
Package pdftex.def Info: ./figures/cut_1.pdf used on input line 67.
(pdftex.def)             Requested size: 73.83147pt x 113.80873pt.
 <./figures/cut_2.pdf, id=7, 159.8773pt x 240.1271pt>
File: ./figures/cut_2.pdf Graphic file (type pdf)

<use ./figures/cut_2.pdf>
Package pdftex.def Info: ./figures/cut_2.pdf used on input line 70.
(pdftex.def)             Requested size: 70.20961pt x 113.80873pt.
 <./figures/cut_3.pdf, id=8, 161.3729pt x 240.1271pt>
File: ./figures/cut_3.pdf Graphic file (type pdf)

<use ./figures/cut_3.pdf>
Package pdftex.def Info: ./figures/cut_3.pdf used on input line 73.
(pdftex.def)             Requested size: 70.2114pt x 113.80873pt.

<./figures/cut_4.pdf, id=9, 156.11324pt x 240.1271pt>
File: ./figures/cut_4.pdf Graphic file (type pdf)

<use ./figures/cut_4.pdf>
Package pdftex.def Info: ./figures/cut_4.pdf used on input line 76.
(pdftex.def)             Requested size: 70.2098pt x 113.80873pt.

<./figures/cut_5.pdf, id=10, 159.8773pt x 240.1271pt>
File: ./figures/cut_5.pdf Graphic file (type pdf)

<use ./figures/cut_5.pdf>
Package pdftex.def Info: ./figures/cut_5.pdf used on input line 79.
(pdftex.def)             Requested size: 70.20961pt x 113.80873pt.

<./figures/cut_6.pdf, id=11, 159.8773pt x 240.1271pt>
File: ./figures/cut_6.pdf Graphic file (type pdf)

<use ./figures/cut_6.pdf>
Package pdftex.def Info: ./figures/cut_6.pdf used on input line 82.
(pdftex.def)             Requested size: 70.20961pt x 113.80873pt.
 [1


{C:/Users/kubin/AppData/Local/MiKTeX/2.9/pdftex/config/pdftex.map} <C:/Users/ku
bin/Desktop/GitFolder/doc_thesis/figures/podstavec-eps-converted-to.pdf>] [2 <C
:/Users/kubin/Desktop/GitFolder/doc_thesis/figures/pf_near.pdf> <C:/Users/kubin
/Desktop/GitFolder/doc_thesis/figures/pf_near2.pdf> <C:/Users/kubin/Desktop/Git
Folder/doc_thesis/figures/pf_punch2.pdf> <C:/Users/kubin/Desktop/GitFolder/doc_
thesis/figures/p_deff2.pdf> <C:/Users/kubin/Desktop/GitFolder/doc_thesis/figure
s/cut_1.pdf> <C:/Users/kubin/Desktop/GitFolder/doc_thesis/figures/cut_2.pdf> <C
:/Users/kubin/Desktop/GitFolder/doc_thesis/figures/cut_3.pdf> <C:/Users/kubin/D
esktop/GitFolder/doc_thesis/figures/cut_4.pdf> <C:/Users/kubin/Desktop/GitFolde
r/doc_thesis/figures/cut_5.pdf> <C:/Users/kubin/Desktop/GitFolder/doc_thesis/fi
gures/cut_6.pdf>]
LaTeX Font Info:    Try loading font information for OMS+cmr on input line 120.


(D:\Programs\MiKTeX\tex\latex\base\omscmr.fd
File: omscmr.fd 1999/05/25 v2.5h Standard LaTeX font definitions
)
LaTeX Font Info:    Font shape `OMS/cmr/m/n' in size <10.95> not available
(Font)              Font shape `OMS/cmsy/m/n' tried instead on input line 120.
 [3]
<./figures/circleFit.pdf, id=110, 262.48062pt x 261.72781pt>
File: ./figures/circleFit.pdf Graphic file (type pdf)

<use ./figures/circleFit.pdf>
Package pdftex.def Info: ./figures/circleFit.pdf used on input line 172.
(pdftex.def)             Requested size: 217.42265pt x 216.80669pt.
Package epstopdf Info: Source file: <./figures/brigCutA.eps>
(epstopdf)                    date: 2017-04-24 10:16:27
(epstopdf)                    size: 210735 bytes
(epstopdf)             Output file: <./figures/brigCutA-eps-converted-to.pdf>
(epstopdf)                    date: 2017-04-24 10:24:07
(epstopdf)                    size: 22451 bytes
(epstopdf)             Command: <epstopdf --outfile=./figures/brigCutA-eps-conv
erted-to.pdf ./figures/brigCutA.eps>
(epstopdf)             \includegraphics on input line 175.
Package epstopdf Info: Output file is already uptodate.

<./figures/brigCutA-eps-converted-to.pdf, id=111, 243.91125pt x 134.5025pt>
File: ./figures/brigCutA-eps-converted-to.pdf Graphic file (type pdf)

<use ./figures/brigCutA-eps-converted-to.pdf>
Package pdftex.def Info: ./figures/brigCutA-eps-converted-to.pdf used on input 
line 175.
(pdftex.def)             Requested size: 217.42644pt x 108.71243pt.
Package epstopdf Info: Source file: <./figures/brigCutB.eps>
(epstopdf)                    date: 2017-04-24 10:16:09
(epstopdf)                    size: 210558 bytes
(epstopdf)             Output file: <./figures/brigCutB-eps-converted-to.pdf>
(epstopdf)                    date: 2017-04-24 10:24:07
(epstopdf)                    size: 22217 bytes
(epstopdf)             Command: <epstopdf --outfile=./figures/brigCutB-eps-conv
erted-to.pdf ./figures/brigCutB.eps>
(epstopdf)             \includegraphics on input line 177.
Package epstopdf Info: Output file is already uptodate.

<./figures/brigCutB-eps-converted-to.pdf, id=112, 243.91125pt x 134.5025pt>
File: ./figures/brigCutB-eps-converted-to.pdf Graphic file (type pdf)

<use ./figures/brigCutB-eps-converted-to.pdf>
Package pdftex.def Info: ./figures/brigCutB-eps-converted-to.pdf used on input 
line 177.
(pdftex.def)             Requested size: 217.42644pt x 108.71243pt.
 [4 <C:/Users/kubin/Desktop/GitFolder/doc_thesis/figures/circleFit.pdf> <C:/Use
rs/kubin/Desktop/GitFolder/doc_thesis/figures/brigCutA-eps-converted-to.pdf> <C
:/Users/kubin/Desktop/GitFolder/doc_thesis/figures/brigCutB-eps-converted-to.pd
f>]
Package epstopdf Info: Source file: <./figures/image_rust2.eps>
(epstopdf)                    date: 2017-04-08 17:20:47
(epstopdf)                    size: 193069 bytes
(epstopdf)             Output file: <./figures/image_rust2-eps-converted-to.pdf
>
(epstopdf)                    date: 2017-04-08 17:31:18
(epstopdf)                    size: 38724 bytes
(epstopdf)             Command: <epstopdf --outfile=./figures/image_rust2-eps-c
onverted-to.pdf ./figures/image_rust2.eps>
(epstopdf)             \includegraphics on input line 196.
Package epstopdf Info: Output file is already uptodate.

<./figures/image_rust2-eps-converted-to.pdf, id=147, 385.44pt x 204.765pt>
File: ./figures/image_rust2-eps-converted-to.pdf Graphic file (type pdf)

<use ./figures/image_rust2-eps-converted-to.pdf>
Package pdftex.def Info: ./figures/image_rust2-eps-converted-to.pdf used on inp
ut line 196.
(pdftex.def)             Requested size: 362.37569pt x 192.51035pt.
 [5 <C:/Users/kubin/Desktop/GitFolder/doc_thesis/figures/image_rust2-eps-conver
ted-to.pdf>]
<./figures/gaussIntersection.pdf, id=156, 342.27875pt x 215.80624pt>
File: ./figures/gaussIntersection.pdf Graphic file (type pdf)

<use ./figures/gaussIntersection.pdf>
Package pdftex.def Info: ./figures/gaussIntersection.pdf used on input line 235
.
(pdftex.def)             Requested size: 353.31439pt x 222.78014pt.

<./figures/treeGauss.pdf, id=157, 77.28876pt x 228.60406pt>
File: ./figures/treeGauss.pdf Graphic file (type pdf)

<use ./figures/treeGauss.pdf>
Package pdftex.def Info: ./figures/treeGauss.pdf used on input line 238.
(pdftex.def)             Requested size: 72.47652pt x 214.38902pt.
 [6 <C:/Users/kubin/Desktop/GitFolder/doc_thesis/figures/gaussIntersection.pdf>
 <C:/Users/kubin/Desktop/GitFolder/doc_thesis/figures/treeGauss.pdf>]
Underfull \hbox (badness 10000) in paragraph at lines 264--266

 []

[7] <figures/tail07.pdf, id=193, 361.35pt x 289.08pt>
File: figures/tail07.pdf Graphic file (type pdf)
 <use figures/tail07.pdf>
Package pdftex.def Info: figures/tail07.pdf used on input line 309.
(pdftex.def)             Requested size: 181.18439pt x 144.94545pt.

<figures/tail08.pdf, id=194, 361.35pt x 289.08pt>
File: figures/tail08.pdf Graphic file (type pdf)
 <use figures/tail08.pdf>
Package pdftex.def Info: figures/tail08.pdf used on input line 312.
(pdftex.def)             Requested size: 181.18439pt x 144.94545pt.

<figures/tailex01.pdf, id=195, 421.575pt x 316.18124pt>
File: figures/tailex01.pdf Graphic file (type pdf)

<use figures/tailex01.pdf>
Package pdftex.def Info: figures/tailex01.pdf used on input line 315.
(pdftex.def)             Requested size: 181.18439pt x 135.88773pt.

<figures/tailex02.pdf, id=196, 542.025pt x 229.85875pt>
File: figures/tailex02.pdf Graphic file (type pdf)

<use figures/tailex02.pdf>
Package pdftex.def Info: figures/tailex02.pdf used on input line 318.
(pdftex.def)             Requested size: 181.18439pt x 76.83566pt.

Overfull \hbox (1.73724pt too wide) in paragraph at lines 328--329
[]\T1/cmr/m/n/10.95 Vybereme stopu, u kter chceme iden-ti-fi-ko-vat ocsky a z
e snmku vy-be-reme ob-last (obr.1.8[]),
 []

<./figures/tailex03.pdf, id=197, 320.19624pt x 235.88126pt>
File: ./figures/tailex03.pdf Graphic file (type pdf)

<use ./figures/tailex03.pdf>
Package pdftex.def Info: ./figures/tailex03.pdf used on input line 337.
(pdftex.def)             Requested size: 213.07326pt x 156.96704pt.

<./figures/tailex04.pdf, id=198, 320.19624pt x 186.6975pt>
File: ./figures/tailex04.pdf Graphic file (type pdf)

<use ./figures/tailex04.pdf>
Package pdftex.def Info: ./figures/tailex04.pdf used on input line 340.
(pdftex.def)             Requested size: 213.07326pt x 124.23773pt.
 [8 <C:/Users/kubin/Desktop/GitFolder/doc_thesis/figures/tail07.pdf> <C:/Users/
kubin/Desktop/GitFolder/doc_thesis/figures/tail08.pdf> <C:/Users/kubin/Desktop/
GitFolder/doc_thesis/figures/tailex01.pdf> <C:/Users/kubin/Desktop/GitFolder/do
c_thesis/figures/tailex02.pdf>]
<figures/tailex05.pdf, id=226, 471.7625pt x 261.97874pt>
File: figures/tailex05.pdf Graphic file (type pdf)

<use figures/tailex05.pdf>
Package pdftex.def Info: figures/tailex05.pdf used on input line 362.
(pdftex.def)             Requested size: 452.9679pt x 251.54471pt.
 <./figures/tail01.pdf, id=227, 361.35pt x 289.08pt>
File: ./figures/tail01.pdf Graphic file (type pdf)

<use ./figures/tail01.pdf>
Package pdftex.def Info: ./figures/tail01.pdf used on input line 386.
(pdftex.def)             Requested size: 213.07326pt x 170.45866pt.
 <./figures/tail02.pdf, id=228, 361.35pt x 289.08pt>
File: ./figures/tail02.pdf Graphic file (type pdf)

<use ./figures/tail02.pdf>
Package pdftex.def Info: ./figures/tail02.pdf used on input line 389.
(pdftex.def)             Requested size: 213.07326pt x 170.45866pt.
 [9 <C:/Users/kubin/Desktop/GitFolder/doc_thesis/figures/tailex03.pdf> <C:/User
s/kubin/Desktop/GitFolder/doc_thesis/figures/tailex04.pdf>] [10 <C:/Users/kubin
/Desktop/GitFolder/doc_thesis/figures/tailex05.pdf> <C:/Users/kubin/Desktop/Git
Folder/doc_thesis/figures/tail01.pdf> <C:/Users/kubin/Desktop/GitFolder/doc_the
sis/figures/tail02.pdf>]
Underfull \hbox (badness 10000) in paragraph at lines 418--419
[]|\T1/cmr/m/n/10.95 Regions with peak where di-f-fe-rence of
 []

) (C:\Users\kubin\Desktop\GitFolder\doc_thesis\src/Optimization_intro.tex
[11]
Kapitola 2.
<./figures/diagram.pdf, id=1508, 1306.8825pt x 1578.89874pt>
File: ./figures/diagram.pdf Graphic file (type pdf)

<use ./figures/diagram.pdf>
Package pdftex.def Info: ./figures/diagram.pdf used on input line 44.
(pdftex.def)             Requested size: 452.9679pt x 547.25032pt.


LaTeX Warning: `!h' float specifier changed to `!ht'.

[12

] [13 <C:/Users/kubin/Desktop/GitFolder/doc_thesis/figures/diagram.pdf>]
(C:\Users\kubin\Desktop\GitFolder\doc_thesis\xfig/mirror2.pstex_t
<xfig/mirror2_pspdftex.pdf, id=1519, 579.16376pt x 430.60875pt>
File: xfig/mirror2_pspdftex.pdf Graphic file (type pdf)

<use xfig/mirror2_pspdftex.pdf>
Package pdftex.def Info: xfig/mirror2_pspdftex.pdf used on input line 2.
(pdftex.def)             Requested size: 579.16234pt x 430.60768pt.


LaTeX Font Warning: Font shape `T1/cmr/m/n' in size <16> not available
(Font)              size <17.28> substituted on input line 14.

LaTeX Font Info:    Calculating math sizes for size <16> on input line 14.

LaTeX Font Warning: Font shape `OT1/cmr/m/n' in size <16> not available
(Font)              size <17.28> substituted on input line 14.


LaTeX Font Warning: Font shape `OML/cmm/m/it' in size <16> not available
(Font)              size <17.28> substituted on input line 14.


LaTeX Font Warning: Font shape `OMS/cmsy/m/n' in size <16> not available
(Font)              size <17.28> substituted on input line 14.


LaTeX Font Warning: Font shape `OT1/cmss/m/n' in size <16> not available
(Font)              size <17.28> substituted on input line 14.


LaTeX Font Warning: Font shape `OT1/cmtt/m/n' in size <16> not available
(Font)              size <17.28> substituted on input line 14.


LaTeX Font Warning: Font shape `U/esvect/m/n' in size <16> not available
(Font)              size <17.28> substituted on input line 14.

LaTeX Font Info:    Calculating math sizes for size <11> on input line 26.

LaTeX Font Warning: Font shape `OT1/cmr/m/n' in size <5.5> not available
(Font)              size <5> substituted on input line 26.


LaTeX Font Warning: Font shape `OML/cmm/m/it' in size <5.5> not available
(Font)              size <5> substituted on input line 26.


LaTeX Font Warning: Font shape `OMS/cmsy/m/n' in size <5.5> not available
(Font)              size <5> substituted on input line 26.


LaTeX Font Warning: Font shape `OT1/cmss/m/n' in size <5.5> not available
(Font)              size <5> substituted on input line 26.


LaTeX Font Warning: Font shape `OT1/cmtt/m/n' in size <5.5> not available
(Font)              size <5> substituted on input line 26.


LaTeX Font Warning: Font shape `U/esvect/m/n' in size <5.5> not available
(Font)              size <5> substituted on input line 26.


LaTeX Font Warning: Font shape `T1/cmr/bx/n' in size <16> not available
(Font)              size <17.28> substituted on input line 84.


LaTeX Font Warning: Font shape `T1/cmr/m/n' in size <20> not available
(Font)              size <20.74> substituted on input line 104.

LaTeX Font Info:    Calculating math sizes for size <20> on input line 104.

LaTeX Font Warning: Font shape `OT1/cmr/m/n' in size <20> not available
(Font)              size <20.74> substituted on input line 104.


LaTeX Font Warning: Font shape `OT1/cmr/m/n' in size <13.99994> not available
(Font)              size <14.4> substituted on input line 104.


LaTeX Font Warning: Font shape `OML/cmm/m/it' in size <20> not available
(Font)              size <20.74> substituted on input line 104.


LaTeX Font Warning: Font shape `OML/cmm/m/it' in size <13.99994> not available
(Font)              size <14.4> substituted on input line 104.


LaTeX Font Warning: Font shape `OMS/cmsy/m/n' in size <20> not available
(Font)              size <20.74> substituted on input line 104.


LaTeX Font Warning: Font shape `OMS/cmsy/m/n' in size <13.99994> not available
(Font)              size <14.4> substituted on input line 104.


LaTeX Font Warning: Font shape `OT1/cmss/m/n' in size <20> not available
(Font)              size <20.74> substituted on input line 104.


LaTeX Font Warning: Font shape `OT1/cmss/m/n' in size <13.99994> not available
(Font)              size <14.4> substituted on input line 104.


LaTeX Font Warning: Font shape `OT1/cmtt/m/n' in size <20> not available
(Font)              size <20.74> substituted on input line 104.


LaTeX Font Warning: Font shape `OT1/cmtt/m/n' in size <13.99994> not available
(Font)              size <14.4> substituted on input line 104.


LaTeX Font Warning: Font shape `U/esvect/m/n' in size <20> not available
(Font)              size <20.74> substituted on input line 104.


LaTeX Font Warning: Font shape `U/esvect/m/n' in size <13.99994> not available
(Font)              size <14.4> substituted on input line 104.


LaTeX Font Warning: Font shape `OT1/cmr/bx/n' in size <20> not available
(Font)              size <20.74> substituted on input line 104.


LaTeX Font Warning: Font shape `OT1/cmr/bx/n' in size <13.99994> not available
(Font)              size <14.4> substituted on input line 104.


LaTeX Font Warning: Font shape `OT1/cmr/bx/n' in size <16> not available
(Font)              size <17.28> substituted on input line 110.

)
Overfull \hbox (13.10315pt too wide) in paragraph at lines 84--85
 [] 
 []


LaTeX Warning: `!h' float specifier changed to `!ht'.

[14

] [15 <C:/Users/kubin/Desktop/GitFolder/doc_thesis/xfig/mirror2_pspdftex.pdf>] 
<./figures/wedge_example.pdf, id=1532, 448.00372pt x 410.24266pt>
File: ./figures/wedge_example.pdf Graphic file (type pdf)

<use ./figures/wedge_example.pdf>
Package pdftex.def Info: ./figures/wedge_example.pdf used on input line 139.
(pdftex.def)             Requested size: 407.66833pt x 373.30888pt.
 [16 <C:/Users/kubin/Desktop/GitFolder/doc_thesis/figures/wedge_example.pdf>] [
17]
Overfull \hbox (7.5642pt too wide) in paragraph at lines 219--224
[][] 
 []

[18]
Overfull \hbox (383.29855pt too wide) in paragraph at lines 250--254
[][] 
 []

[19] [20]
Overfull \hbox (32.76007pt too wide) in paragraph at lines 325--331
[][] 
 []

[21]
Overfull \hbox (32.76007pt too wide) in paragraph at lines 378--384
[][] 
 []

[22]
Overfull \hbox (77.01021pt too wide) in paragraph at lines 452--458
[][] 
 []


Overfull \hbox (1.9611pt too wide) in paragraph at lines 468--469
$\OMS/cmsy/m/n/10.95 f\OT1/cmr/m/n/10.95 M[] \OMS/cmsy/m/n/10.95  N  j  j\OML/
cmm/m/it/10.95 []\OT1/cmr/m/n/10.95 (R[]) \OMS/cmsy/m/n/10.95   \OML/cmm/m/it/
10.95 []\OT1/cmr/m/n/10.95 (M[])\OMS/cmsy/m/n/10.95 j \OML/cmm/m/it/10.95 < \O
T1/cmr/m/n/10.95 \OML/cmm/m/it/10.95 [];  \OMS/cmsy/m/n/10.95 j\OML/cmm/m/it/
10.95 "[]\OT1/cmr/m/n/10.95 (R[]) \OMS/cmsy/m/n/10.95   \OML/cmm/m/it/10.95 "[]
\OT1/cmr/m/n/10.95 (M[])\OMS/cmsy/m/n/10.95 j \OML/cmm/m/it/10.95 < \OT1/cmr/m/
n/10.95 \OML/cmm/m/it/10.95 "[]\OMS/cmsy/m/n/10.95 g$\T1/cmr/m/n/10.95 , kde $
\OML/cmm/m/it/10.95 j \OT1/cmr/m/n/10.95 = \OMS/cmsy/m/n/10.95 f\OT1/cmr/m/n/10
.95 1\OML/cmm/m/it/10.95 ;  [] ;  m\OMS/cmsy/m/n/10.95 g$\T1/cmr/m/n/10.95 . 
 []

[23] [24]) (C:\Users\kubin\Desktop\GitFolder\doc_thesis\DrapelaThesis.aux)

LaTeX Font Warning: Size substitutions with differences
(Font)              up to 1.28pt have occurred.


LaTeX Warning: There were undefined references.


LaTeX Warning: There were multiply-defined labels.

Package logreq Info: Writing requests to 'DrapelaThesis.run.xml'.
 ) 
Here is how much of TeX's memory you used:
 17613 strings out of 493921
 340319 string characters out of 3150891
 457659 words of memory out of 3000000
 20639 multiletter control sequences out of 15000+200000
 35194 words of font info for 120 fonts, out of 3000000 for 9000
 841 hyphenation exceptions out of 8191
 42i,17n,43p,10407b,1354s stack positions out of 5000i,500n,10000p,200000b,50000s
 <C:\Users\kubin\AppData\Local\MiKTeX\2.9\fonts\pk\ljfour\jknappen\ec\dpi600\
ecbx1728.pk> <C:\Users\kubin\AppData\Local\MiKTeX\2.9\fonts\pk\ljfour\jknappen\
ec\dpi600\ecti1095.pk> <C:\Users\kubin\AppData\Local\MiKTeX\2.9\fonts\pk\ljfour
\jknappen\ec\dpi600\ecbx1200.pk> <C:\Users\kubin\AppData\Local\MiKTeX\2.9\fonts
\pk\ljfour\jknappen\ec\dpi600\ecbx1440.pk> <C:\Users\kubin\AppData\Local\MiKTeX
\2.9\fonts\pk\ljfour\jknappen\ec\dpi600\ecbx1095.pk> <C:\Users\kubin\AppData\Lo
cal\MiKTeX\2.9\fonts\pk\ljfour\jknappen\ec\dpi600\ecrm1095.pk> <C:\Users\kubin\
AppData\Local\MiKTeX\2.9\fonts\pk\ljfour\jknappen\ec\dpi600\ecbx2488.pk><D:/Pro
grams/MiKTeX/fonts/type1/public/amsfonts/cm/cmbx10.pfb><D:/Programs/MiKTeX/font
s/type1/public/amsfonts/cm/cmbx12.pfb><D:/Programs/MiKTeX/fonts/type1/public/am
sfonts/cm/cmex10.pfb><D:/Programs/MiKTeX/fonts/type1/public/amsfonts/cm/cmmi10.
pfb><D:/Programs/MiKTeX/fonts/type1/public/amsfonts/cm/cmmi12.pfb><D:/Programs/
MiKTeX/fonts/type1/public/amsfonts/cm/cmmi6.pfb><D:/Programs/MiKTeX/fonts/type1
/public/amsfonts/cm/cmmi8.pfb><D:/Programs/MiKTeX/fonts/type1/public/amsfonts/c
m/cmr10.pfb><D:/Programs/MiKTeX/fonts/type1/public/amsfonts/cm/cmr12.pfb><D:/Pr
ograms/MiKTeX/fonts/type1/public/amsfonts/cm/cmr6.pfb><D:/Programs/MiKTeX/fonts
/type1/public/amsfonts/cm/cmr8.pfb><D:/Programs/MiKTeX/fonts/type1/public/amsfo
nts/cm/cmsy10.pfb><D:/Programs/MiKTeX/fonts/type1/public/amsfonts/cm/cmsy6.pfb>
<D:/Programs/MiKTeX/fonts/type1/public/amsfonts/cm/cmsy8.pfb><D:/Programs/MiKTe
X/fonts/type1/public/amsfonts/symbols/msbm10.pfb><C:/Users/kubin/AppData/Roamin
g/MiKTeX/2.9/fonts/type1/public/esvect/vect10.pfb>
Output written on DrapelaThesis.pdf (24 pages, 3063580 bytes).
PDF statistics:
 1969 PDF objects out of 2073 (max. 8388607)
 0 named destinations out of 1000 (max. 500000)
 146 words of extra memory for PDF output out of 10000 (max. 10000000)

